<?xml version="1.0" encoding="UTF-8"?>
<testng-results skipped="0" failed="8" total="27" passed="19">
  <reporter-output>
  </reporter-output>
  <suite name="SuiteName" duration-ms="15234" started-at="2017-04-11T19:45:10Z" finished-at="2017-04-11T19:45:25Z">
    <groups>
    </groups>
    <test name="registerParkingTest" duration-ms="3126" started-at="2017-04-11T19:45:10Z" finished-at="2017-04-11T19:45:13Z">
      <class name="com.core.restapi.RESTApiProject.testcases.registerParkingLot">
        <test-method status="PASS" signature="registerParkingTest(java.util.Hashtable)[pri:0, instance:com.core.restapi.RESTApiProject.testcases.registerParkingLot@40f08448]" name="registerParkingTest" duration-ms="856" started-at="2017-04-12T01:15:10Z" data-provider="getData" finished-at="2017-04-12T01:15:11Z">
          <params>
            <param index="0">
              <value>
                <![CDATA[{ParkingSlotName=Parking1, Runmode=y}]]>
              </value>
            </param>
          </params>
          <reporter-output>
          </reporter-output>
        </test-method> <!-- registerParkingTest -->
        <test-method status="PASS" signature="repoquit()[pri:0, instance:com.core.restapi.RESTApiProject.testcases.registerParkingLot@40f08448]" name="repoquit" is-config="true" duration-ms="244" started-at="2017-04-12T01:15:11Z" finished-at="2017-04-12T01:15:11Z">
          <reporter-output>
          </reporter-output>
        </test-method> <!-- repoquit -->
        <test-method status="PASS" signature="registerParkingTest(java.util.Hashtable)[pri:0, instance:com.core.restapi.RESTApiProject.testcases.registerParkingLot@40f08448]" name="registerParkingTest" duration-ms="440" started-at="2017-04-12T01:15:11Z" data-provider="getData" finished-at="2017-04-12T01:15:12Z">
          <params>
            <param index="0">
              <value>
                <![CDATA[{ParkingSlotName=Parking2, Runmode=y}]]>
              </value>
            </param>
          </params>
          <reporter-output>
          </reporter-output>
        </test-method> <!-- registerParkingTest -->
        <test-method status="PASS" signature="repoquit()[pri:0, instance:com.core.restapi.RESTApiProject.testcases.registerParkingLot@40f08448]" name="repoquit" is-config="true" duration-ms="105" started-at="2017-04-12T01:15:12Z" finished-at="2017-04-12T01:15:12Z">
          <reporter-output>
          </reporter-output>
        </test-method> <!-- repoquit -->
        <test-method status="PASS" signature="registerParkingTest(java.util.Hashtable)[pri:0, instance:com.core.restapi.RESTApiProject.testcases.registerParkingLot@40f08448]" name="registerParkingTest" duration-ms="446" started-at="2017-04-12T01:15:12Z" data-provider="getData" finished-at="2017-04-12T01:15:12Z">
          <params>
            <param index="0">
              <value>
                <![CDATA[{ParkingSlotName=Parking3, Runmode=y}]]>
              </value>
            </param>
          </params>
          <reporter-output>
          </reporter-output>
        </test-method> <!-- registerParkingTest -->
        <test-method status="PASS" signature="repoquit()[pri:0, instance:com.core.restapi.RESTApiProject.testcases.registerParkingLot@40f08448]" name="repoquit" is-config="true" duration-ms="85" started-at="2017-04-12T01:15:12Z" finished-at="2017-04-12T01:15:12Z">
          <reporter-output>
          </reporter-output>
        </test-method> <!-- repoquit -->
        <test-method status="PASS" signature="registerParkingTest(java.util.Hashtable)[pri:0, instance:com.core.restapi.RESTApiProject.testcases.registerParkingLot@40f08448]" name="registerParkingTest" duration-ms="437" started-at="2017-04-12T01:15:12Z" data-provider="getData" finished-at="2017-04-12T01:15:13Z">
          <params>
            <param index="0">
              <value>
                <![CDATA[{ParkingSlotName=, Runmode=y}]]>
              </value>
            </param>
          </params>
          <reporter-output>
          </reporter-output>
        </test-method> <!-- registerParkingTest -->
        <test-method status="PASS" signature="repoquit()[pri:0, instance:com.core.restapi.RESTApiProject.testcases.registerParkingLot@40f08448]" name="repoquit" is-config="true" duration-ms="89" started-at="2017-04-12T01:15:13Z" finished-at="2017-04-12T01:15:13Z">
          <reporter-output>
          </reporter-output>
        </test-method> <!-- repoquit -->
      </class> <!-- com.core.restapi.RESTApiProject.testcases.registerParkingLot -->
    </test> <!-- registerParkingTest -->
    <test name="CreateParkingTest" duration-ms="3128" started-at="2017-04-11T19:45:13Z" finished-at="2017-04-11T19:45:16Z">
      <class name="com.core.restapi.RESTApiProject.testcases.CreateParking">
        <test-method status="PASS" signature="CreateParkingTest(java.util.Hashtable)[pri:0, instance:com.core.restapi.RESTApiProject.testcases.CreateParking@76329302]" name="CreateParkingTest" duration-ms="424" started-at="2017-04-12T01:15:13Z" data-provider="getData" finished-at="2017-04-12T01:15:13Z">
          <params>
            <param index="0">
              <value>
                <![CDATA[{ParkingSlotName=Parking1, Runmode=y, SlotNumber=5}]]>
              </value>
            </param>
          </params>
          <reporter-output>
          </reporter-output>
        </test-method> <!-- CreateParkingTest -->
        <test-method status="PASS" signature="repoquit()[pri:0, instance:com.core.restapi.RESTApiProject.testcases.CreateParking@76329302]" name="repoquit" is-config="true" duration-ms="86" started-at="2017-04-12T01:15:13Z" finished-at="2017-04-12T01:15:13Z">
          <reporter-output>
          </reporter-output>
        </test-method> <!-- repoquit -->
        <test-method status="PASS" signature="CreateParkingTest(java.util.Hashtable)[pri:0, instance:com.core.restapi.RESTApiProject.testcases.CreateParking@76329302]" name="CreateParkingTest" duration-ms="416" started-at="2017-04-12T01:15:13Z" data-provider="getData" finished-at="2017-04-12T01:15:14Z">
          <params>
            <param index="0">
              <value>
                <![CDATA[{ParkingSlotName=Parking2, Runmode=y, SlotNumber=6}]]>
              </value>
            </param>
          </params>
          <reporter-output>
          </reporter-output>
        </test-method> <!-- CreateParkingTest -->
        <test-method status="PASS" signature="repoquit()[pri:0, instance:com.core.restapi.RESTApiProject.testcases.CreateParking@76329302]" name="repoquit" is-config="true" duration-ms="66" started-at="2017-04-12T01:15:14Z" finished-at="2017-04-12T01:15:14Z">
          <reporter-output>
          </reporter-output>
        </test-method> <!-- repoquit -->
        <test-method status="FAIL" signature="CreateParkingTest(java.util.Hashtable)[pri:0, instance:com.core.restapi.RESTApiProject.testcases.CreateParking@76329302]" name="CreateParkingTest" duration-ms="437" started-at="2017-04-12T01:15:14Z" data-provider="getData" finished-at="2017-04-12T01:15:14Z">
          <params>
            <param index="0">
              <value>
                <![CDATA[{ParkingSlotName=Parking2, Runmode=y, SlotNumber=a}]]>
              </value>
            </param>
          </params>
          <exception class="java.lang.AssertionError">
            <message>
              <![CDATA[Failed]]>
            </message>
            <full-stacktrace>
              <![CDATA[java.lang.AssertionError: Failed
	at org.testng.Assert.fail(Assert.java:94)
	at com.core.restapi.RESTApiProject.BaseTest.reportFailure(BaseTest.java:365)
	at com.core.restapi.RESTApiProject.testcases.CreateParking.CreateParkingTest(CreateParking.java:55)
	at sun.reflect.NativeMethodAccessorImpl.invoke0(Native Method)
	at sun.reflect.NativeMethodAccessorImpl.invoke(NativeMethodAccessorImpl.java:62)
	at sun.reflect.DelegatingMethodAccessorImpl.invoke(DelegatingMethodAccessorImpl.java:43)
	at java.lang.reflect.Method.invoke(Method.java:498)
	at org.testng.internal.MethodInvocationHelper.invokeMethod(MethodInvocationHelper.java:85)
	at org.testng.internal.Invoker.invokeMethod(Invoker.java:639)
	at org.testng.internal.Invoker.invokeTestMethod(Invoker.java:821)
	at org.testng.internal.Invoker.invokeTestMethods(Invoker.java:1131)
	at org.testng.internal.TestMethodWorker.invokeTestMethods(TestMethodWorker.java:124)
	at org.testng.internal.TestMethodWorker.run(TestMethodWorker.java:108)
	at org.testng.TestRunner.privateRun(TestRunner.java:773)
	at org.testng.TestRunner.run(TestRunner.java:623)
	at org.testng.SuiteRunner.runTest(SuiteRunner.java:357)
	at org.testng.SuiteRunner.runSequentially(SuiteRunner.java:352)
	at org.testng.SuiteRunner.privateRun(SuiteRunner.java:310)
	at org.testng.SuiteRunner.run(SuiteRunner.java:259)
	at org.testng.SuiteRunnerWorker.runSuite(SuiteRunnerWorker.java:52)
	at org.testng.SuiteRunnerWorker.run(SuiteRunnerWorker.java:86)
	at org.testng.TestNG.runSuitesSequentially(TestNG.java:1185)
	at org.testng.TestNG.runSuitesLocally(TestNG.java:1110)
	at org.testng.TestNG.run(TestNG.java:1018)
	at org.apache.maven.surefire.testng.TestNGExecutor.run(TestNGExecutor.java:281)
	at org.apache.maven.surefire.testng.TestNGXmlTestSuite.execute(TestNGXmlTestSuite.java:75)
	at org.apache.maven.surefire.testng.TestNGProvider.invoke(TestNGProvider.java:121)
	at org.apache.maven.surefire.booter.ForkedBooter.invokeProviderInSameClassLoader(ForkedBooter.java:290)
	at org.apache.maven.surefire.booter.ForkedBooter.runSuitesInProcess(ForkedBooter.java:242)
	at org.apache.maven.surefire.booter.ForkedBooter.main(ForkedBooter.java:121)
]]>
            </full-stacktrace>
          </exception> <!-- java.lang.AssertionError -->
          <reporter-output>
          </reporter-output>
        </test-method> <!-- CreateParkingTest -->
        <test-method status="PASS" signature="repoquit()[pri:0, instance:com.core.restapi.RESTApiProject.testcases.CreateParking@76329302]" name="repoquit" is-config="true" duration-ms="77" started-at="2017-04-12T01:15:14Z" finished-at="2017-04-12T01:15:15Z">
          <reporter-output>
          </reporter-output>
        </test-method> <!-- repoquit -->
        <test-method status="FAIL" signature="CreateParkingTest(java.util.Hashtable)[pri:0, instance:com.core.restapi.RESTApiProject.testcases.CreateParking@76329302]" name="CreateParkingTest" duration-ms="451" started-at="2017-04-12T01:15:15Z" data-provider="getData" finished-at="2017-04-12T01:15:15Z">
          <params>
            <param index="0">
              <value>
                <![CDATA[{ParkingSlotName=Parking2, Runmode=y, SlotNumber=1.5}]]>
              </value>
            </param>
          </params>
          <exception class="java.lang.AssertionError">
            <message>
              <![CDATA[Failed]]>
            </message>
            <full-stacktrace>
              <![CDATA[java.lang.AssertionError: Failed
	at org.testng.Assert.fail(Assert.java:94)
	at com.core.restapi.RESTApiProject.BaseTest.reportFailure(BaseTest.java:365)
	at com.core.restapi.RESTApiProject.testcases.CreateParking.CreateParkingTest(CreateParking.java:55)
	at sun.reflect.NativeMethodAccessorImpl.invoke0(Native Method)
	at sun.reflect.NativeMethodAccessorImpl.invoke(NativeMethodAccessorImpl.java:62)
	at sun.reflect.DelegatingMethodAccessorImpl.invoke(DelegatingMethodAccessorImpl.java:43)
	at java.lang.reflect.Method.invoke(Method.java:498)
	at org.testng.internal.MethodInvocationHelper.invokeMethod(MethodInvocationHelper.java:85)
	at org.testng.internal.Invoker.invokeMethod(Invoker.java:639)
	at org.testng.internal.Invoker.invokeTestMethod(Invoker.java:821)
	at org.testng.internal.Invoker.invokeTestMethods(Invoker.java:1131)
	at org.testng.internal.TestMethodWorker.invokeTestMethods(TestMethodWorker.java:124)
	at org.testng.internal.TestMethodWorker.run(TestMethodWorker.java:108)
	at org.testng.TestRunner.privateRun(TestRunner.java:773)
	at org.testng.TestRunner.run(TestRunner.java:623)
	at org.testng.SuiteRunner.runTest(SuiteRunner.java:357)
	at org.testng.SuiteRunner.runSequentially(SuiteRunner.java:352)
	at org.testng.SuiteRunner.privateRun(SuiteRunner.java:310)
	at org.testng.SuiteRunner.run(SuiteRunner.java:259)
	at org.testng.SuiteRunnerWorker.runSuite(SuiteRunnerWorker.java:52)
	at org.testng.SuiteRunnerWorker.run(SuiteRunnerWorker.java:86)
	at org.testng.TestNG.runSuitesSequentially(TestNG.java:1185)
	at org.testng.TestNG.runSuitesLocally(TestNG.java:1110)
	at org.testng.TestNG.run(TestNG.java:1018)
	at org.apache.maven.surefire.testng.TestNGExecutor.run(TestNGExecutor.java:281)
	at org.apache.maven.surefire.testng.TestNGXmlTestSuite.execute(TestNGXmlTestSuite.java:75)
	at org.apache.maven.surefire.testng.TestNGProvider.invoke(TestNGProvider.java:121)
	at org.apache.maven.surefire.booter.ForkedBooter.invokeProviderInSameClassLoader(ForkedBooter.java:290)
	at org.apache.maven.surefire.booter.ForkedBooter.runSuitesInProcess(ForkedBooter.java:242)
	at org.apache.maven.surefire.booter.ForkedBooter.main(ForkedBooter.java:121)
]]>
            </full-stacktrace>
          </exception> <!-- java.lang.AssertionError -->
          <reporter-output>
          </reporter-output>
        </test-method> <!-- CreateParkingTest -->
        <test-method status="PASS" signature="repoquit()[pri:0, instance:com.core.restapi.RESTApiProject.testcases.CreateParking@76329302]" name="repoquit" is-config="true" duration-ms="81" started-at="2017-04-12T01:15:15Z" finished-at="2017-04-12T01:15:15Z">
          <reporter-output>
          </reporter-output>
        </test-method> <!-- repoquit -->
        <test-method status="FAIL" signature="CreateParkingTest(java.util.Hashtable)[pri:0, instance:com.core.restapi.RESTApiProject.testcases.CreateParking@76329302]" name="CreateParkingTest" duration-ms="438" started-at="2017-04-12T01:15:15Z" data-provider="getData" finished-at="2017-04-12T01:15:15Z">
          <params>
            <param index="0">
              <value>
                <![CDATA[{ParkingSlotName=Parking, Runmode=y, SlotNumber=5}]]>
              </value>
            </param>
          </params>
          <exception class="java.lang.AssertionError">
            <message>
              <![CDATA[Failed]]>
            </message>
            <full-stacktrace>
              <![CDATA[java.lang.AssertionError: Failed
	at org.testng.Assert.fail(Assert.java:94)
	at com.core.restapi.RESTApiProject.BaseTest.reportFailure(BaseTest.java:365)
	at com.core.restapi.RESTApiProject.testcases.CreateParking.CreateParkingTest(CreateParking.java:55)
	at sun.reflect.NativeMethodAccessorImpl.invoke0(Native Method)
	at sun.reflect.NativeMethodAccessorImpl.invoke(NativeMethodAccessorImpl.java:62)
	at sun.reflect.DelegatingMethodAccessorImpl.invoke(DelegatingMethodAccessorImpl.java:43)
	at java.lang.reflect.Method.invoke(Method.java:498)
	at org.testng.internal.MethodInvocationHelper.invokeMethod(MethodInvocationHelper.java:85)
	at org.testng.internal.Invoker.invokeMethod(Invoker.java:639)
	at org.testng.internal.Invoker.invokeTestMethod(Invoker.java:821)
	at org.testng.internal.Invoker.invokeTestMethods(Invoker.java:1131)
	at org.testng.internal.TestMethodWorker.invokeTestMethods(TestMethodWorker.java:124)
	at org.testng.internal.TestMethodWorker.run(TestMethodWorker.java:108)
	at org.testng.TestRunner.privateRun(TestRunner.java:773)
	at org.testng.TestRunner.run(TestRunner.java:623)
	at org.testng.SuiteRunner.runTest(SuiteRunner.java:357)
	at org.testng.SuiteRunner.runSequentially(SuiteRunner.java:352)
	at org.testng.SuiteRunner.privateRun(SuiteRunner.java:310)
	at org.testng.SuiteRunner.run(SuiteRunner.java:259)
	at org.testng.SuiteRunnerWorker.runSuite(SuiteRunnerWorker.java:52)
	at org.testng.SuiteRunnerWorker.run(SuiteRunnerWorker.java:86)
	at org.testng.TestNG.runSuitesSequentially(TestNG.java:1185)
	at org.testng.TestNG.runSuitesLocally(TestNG.java:1110)
	at org.testng.TestNG.run(TestNG.java:1018)
	at org.apache.maven.surefire.testng.TestNGExecutor.run(TestNGExecutor.java:281)
	at org.apache.maven.surefire.testng.TestNGXmlTestSuite.execute(TestNGXmlTestSuite.java:75)
	at org.apache.maven.surefire.testng.TestNGProvider.invoke(TestNGProvider.java:121)
	at org.apache.maven.surefire.booter.ForkedBooter.invokeProviderInSameClassLoader(ForkedBooter.java:290)
	at org.apache.maven.surefire.booter.ForkedBooter.runSuitesInProcess(ForkedBooter.java:242)
	at org.apache.maven.surefire.booter.ForkedBooter.main(ForkedBooter.java:121)
]]>
            </full-stacktrace>
          </exception> <!-- java.lang.AssertionError -->
          <reporter-output>
          </reporter-output>
        </test-method> <!-- CreateParkingTest -->
        <test-method status="PASS" signature="repoquit()[pri:0, instance:com.core.restapi.RESTApiProject.testcases.CreateParking@76329302]" name="repoquit" is-config="true" duration-ms="76" started-at="2017-04-12T01:15:15Z" finished-at="2017-04-12T01:15:16Z">
          <reporter-output>
          </reporter-output>
        </test-method> <!-- repoquit -->
        <test-method status="PASS" signature="CreateParkingTest(java.util.Hashtable)[pri:0, instance:com.core.restapi.RESTApiProject.testcases.CreateParking@76329302]" name="CreateParkingTest" duration-ms="435" started-at="2017-04-12T01:15:16Z" data-provider="getData" finished-at="2017-04-12T01:15:16Z">
          <params>
            <param index="0">
              <value>
                <![CDATA[{ParkingSlotName=Parking3, Runmode=y, SlotNumber=-5}]]>
              </value>
            </param>
          </params>
          <reporter-output>
          </reporter-output>
        </test-method> <!-- CreateParkingTest -->
        <test-method status="PASS" signature="repoquit()[pri:0, instance:com.core.restapi.RESTApiProject.testcases.CreateParking@76329302]" name="repoquit" is-config="true" duration-ms="79" started-at="2017-04-12T01:15:16Z" finished-at="2017-04-12T01:15:16Z">
          <reporter-output>
          </reporter-output>
        </test-method> <!-- repoquit -->
      </class> <!-- com.core.restapi.RESTApiProject.testcases.CreateParking -->
    </test> <!-- CreateParkingTest -->
    <test name="ParkACarTest" duration-ms="2630" started-at="2017-04-11T19:45:16Z" finished-at="2017-04-11T19:45:19Z">
      <class name="com.core.restapi.RESTApiProject.testcases.ParkACar">
        <test-method status="PASS" signature="ParkACarTest(java.util.Hashtable)[pri:0, instance:com.core.restapi.RESTApiProject.testcases.ParkACar@31206beb]" name="ParkACarTest" duration-ms="438" started-at="2017-04-12T01:15:16Z" data-provider="getData" finished-at="2017-04-12T01:15:17Z">
          <params>
            <param index="0">
              <value>
                <![CDATA[{registrationNumber=1111, color=Black, ParkingSlotName=Parking1, Runmode=y, SlotNumber=5}]]>
              </value>
            </param>
          </params>
          <reporter-output>
          </reporter-output>
        </test-method> <!-- ParkACarTest -->
        <test-method status="PASS" signature="repoquit()[pri:0, instance:com.core.restapi.RESTApiProject.testcases.ParkACar@31206beb]" name="repoquit" is-config="true" duration-ms="89" started-at="2017-04-12T01:15:17Z" finished-at="2017-04-12T01:15:17Z">
          <reporter-output>
          </reporter-output>
        </test-method> <!-- repoquit -->
        <test-method status="FAIL" signature="ParkACarTest(java.util.Hashtable)[pri:0, instance:com.core.restapi.RESTApiProject.testcases.ParkACar@31206beb]" name="ParkACarTest" duration-ms="444" started-at="2017-04-12T01:15:17Z" data-provider="getData" finished-at="2017-04-12T01:15:17Z">
          <params>
            <param index="0">
              <value>
                <![CDATA[{registrationNumber=1111, color=Black, ParkingSlotName=Parking, Runmode=y, SlotNumber=5}]]>
              </value>
            </param>
          </params>
          <exception class="java.lang.AssertionError">
            <message>
              <![CDATA[Failed]]>
            </message>
            <full-stacktrace>
              <![CDATA[java.lang.AssertionError: Failed
	at org.testng.Assert.fail(Assert.java:94)
	at com.core.restapi.RESTApiProject.BaseTest.reportFailure(BaseTest.java:365)
	at com.core.restapi.RESTApiProject.testcases.ParkACar.ParkACarTest(ParkACar.java:57)
	at sun.reflect.NativeMethodAccessorImpl.invoke0(Native Method)
	at sun.reflect.NativeMethodAccessorImpl.invoke(NativeMethodAccessorImpl.java:62)
	at sun.reflect.DelegatingMethodAccessorImpl.invoke(DelegatingMethodAccessorImpl.java:43)
	at java.lang.reflect.Method.invoke(Method.java:498)
	at org.testng.internal.MethodInvocationHelper.invokeMethod(MethodInvocationHelper.java:85)
	at org.testng.internal.Invoker.invokeMethod(Invoker.java:639)
	at org.testng.internal.Invoker.invokeTestMethod(Invoker.java:821)
	at org.testng.internal.Invoker.invokeTestMethods(Invoker.java:1131)
	at org.testng.internal.TestMethodWorker.invokeTestMethods(TestMethodWorker.java:124)
	at org.testng.internal.TestMethodWorker.run(TestMethodWorker.java:108)
	at org.testng.TestRunner.privateRun(TestRunner.java:773)
	at org.testng.TestRunner.run(TestRunner.java:623)
	at org.testng.SuiteRunner.runTest(SuiteRunner.java:357)
	at org.testng.SuiteRunner.runSequentially(SuiteRunner.java:352)
	at org.testng.SuiteRunner.privateRun(SuiteRunner.java:310)
	at org.testng.SuiteRunner.run(SuiteRunner.java:259)
	at org.testng.SuiteRunnerWorker.runSuite(SuiteRunnerWorker.java:52)
	at org.testng.SuiteRunnerWorker.run(SuiteRunnerWorker.java:86)
	at org.testng.TestNG.runSuitesSequentially(TestNG.java:1185)
	at org.testng.TestNG.runSuitesLocally(TestNG.java:1110)
	at org.testng.TestNG.run(TestNG.java:1018)
	at org.apache.maven.surefire.testng.TestNGExecutor.run(TestNGExecutor.java:281)
	at org.apache.maven.surefire.testng.TestNGXmlTestSuite.execute(TestNGXmlTestSuite.java:75)
	at org.apache.maven.surefire.testng.TestNGProvider.invoke(TestNGProvider.java:121)
	at org.apache.maven.surefire.booter.ForkedBooter.invokeProviderInSameClassLoader(ForkedBooter.java:290)
	at org.apache.maven.surefire.booter.ForkedBooter.runSuitesInProcess(ForkedBooter.java:242)
	at org.apache.maven.surefire.booter.ForkedBooter.main(ForkedBooter.java:121)
]]>
            </full-stacktrace>
          </exception> <!-- java.lang.AssertionError -->
          <reporter-output>
          </reporter-output>
        </test-method> <!-- ParkACarTest -->
        <test-method status="PASS" signature="repoquit()[pri:0, instance:com.core.restapi.RESTApiProject.testcases.ParkACar@31206beb]" name="repoquit" is-config="true" duration-ms="80" started-at="2017-04-12T01:15:17Z" finished-at="2017-04-12T01:15:17Z">
          <reporter-output>
          </reporter-output>
        </test-method> <!-- repoquit -->
        <test-method status="PASS" signature="ParkACarTest(java.util.Hashtable)[pri:0, instance:com.core.restapi.RESTApiProject.testcases.ParkACar@31206beb]" name="ParkACarTest" duration-ms="431" started-at="2017-04-12T01:15:17Z" data-provider="getData" finished-at="2017-04-12T01:15:18Z">
          <params>
            <param index="0">
              <value>
                <![CDATA[{registrationNumber=, color=Black, ParkingSlotName=Parking1, Runmode=y, SlotNumber=5}]]>
              </value>
            </param>
          </params>
          <reporter-output>
          </reporter-output>
        </test-method> <!-- ParkACarTest -->
        <test-method status="PASS" signature="repoquit()[pri:0, instance:com.core.restapi.RESTApiProject.testcases.ParkACar@31206beb]" name="repoquit" is-config="true" duration-ms="65" started-at="2017-04-12T01:15:18Z" finished-at="2017-04-12T01:15:18Z">
          <reporter-output>
          </reporter-output>
        </test-method> <!-- repoquit -->
        <test-method status="PASS" signature="ParkACarTest(java.util.Hashtable)[pri:0, instance:com.core.restapi.RESTApiProject.testcases.ParkACar@31206beb]" name="ParkACarTest" duration-ms="433" started-at="2017-04-12T01:15:18Z" data-provider="getData" finished-at="2017-04-12T01:15:18Z">
          <params>
            <param index="0">
              <value>
                <![CDATA[{registrationNumber=3333, color=, ParkingSlotName=Parking1, Runmode=y, SlotNumber=5}]]>
              </value>
            </param>
          </params>
          <reporter-output>
          </reporter-output>
        </test-method> <!-- ParkACarTest -->
        <test-method status="PASS" signature="repoquit()[pri:0, instance:com.core.restapi.RESTApiProject.testcases.ParkACar@31206beb]" name="repoquit" is-config="true" duration-ms="88" started-at="2017-04-12T01:15:18Z" finished-at="2017-04-12T01:15:18Z">
          <reporter-output>
          </reporter-output>
        </test-method> <!-- repoquit -->
        <test-method status="PASS" signature="ParkACarTest(java.util.Hashtable)[pri:0, instance:com.core.restapi.RESTApiProject.testcases.ParkACar@31206beb]" name="ParkACarTest" duration-ms="420" started-at="2017-04-12T01:15:18Z" data-provider="getData" finished-at="2017-04-12T01:15:19Z">
          <params>
            <param index="0">
              <value>
                <![CDATA[{registrationNumber=2222, color=Black, ParkingSlotName=Parking2, Runmode=y, SlotNumber=6}]]>
              </value>
            </param>
          </params>
          <reporter-output>
          </reporter-output>
        </test-method> <!-- ParkACarTest -->
        <test-method status="PASS" signature="repoquit()[pri:0, instance:com.core.restapi.RESTApiProject.testcases.ParkACar@31206beb]" name="repoquit" is-config="true" duration-ms="103" started-at="2017-04-12T01:15:19Z" finished-at="2017-04-12T01:15:19Z">
          <reporter-output>
          </reporter-output>
        </test-method> <!-- repoquit -->
      </class> <!-- com.core.restapi.RESTApiProject.testcases.ParkACar -->
    </test> <!-- ParkACarTest -->
    <test name="ParkingStatusTest" duration-ms="1585" started-at="2017-04-11T19:45:19Z" finished-at="2017-04-11T19:45:20Z">
      <class name="com.core.restapi.RESTApiProject.testcases.ParkingStatus">
        <test-method status="PASS" signature="ParkingStatusTest(java.util.Hashtable)[pri:0, instance:com.core.restapi.RESTApiProject.testcases.ParkingStatus@3444d69d]" name="ParkingStatusTest" duration-ms="451" started-at="2017-04-12T01:15:19Z" data-provider="getData" finished-at="2017-04-12T01:15:19Z">
          <params>
            <param index="0">
              <value>
                <![CDATA[{ParkingSlotName=Parking1, Runmode=y}]]>
              </value>
            </param>
          </params>
          <reporter-output>
          </reporter-output>
        </test-method> <!-- ParkingStatusTest -->
        <test-method status="PASS" signature="repoquit()[pri:0, instance:com.core.restapi.RESTApiProject.testcases.ParkingStatus@3444d69d]" name="repoquit" is-config="true" duration-ms="52" started-at="2017-04-12T01:15:19Z" finished-at="2017-04-12T01:15:19Z">
          <reporter-output>
          </reporter-output>
        </test-method> <!-- repoquit -->
        <test-method status="FAIL" signature="ParkingStatusTest(java.util.Hashtable)[pri:0, instance:com.core.restapi.RESTApiProject.testcases.ParkingStatus@3444d69d]" name="ParkingStatusTest" duration-ms="443" started-at="2017-04-12T01:15:19Z" data-provider="getData" finished-at="2017-04-12T01:15:20Z">
          <params>
            <param index="0">
              <value>
                <![CDATA[{ParkingSlotName=Parking, Runmode=y}]]>
              </value>
            </param>
          </params>
          <exception class="java.lang.AssertionError">
            <message>
              <![CDATA[Failed]]>
            </message>
            <full-stacktrace>
              <![CDATA[java.lang.AssertionError: Failed
	at org.testng.Assert.fail(Assert.java:94)
	at com.core.restapi.RESTApiProject.BaseTest.reportFailure(BaseTest.java:365)
	at com.core.restapi.RESTApiProject.testcases.ParkingStatus.ParkingStatusTest(ParkingStatus.java:49)
	at sun.reflect.NativeMethodAccessorImpl.invoke0(Native Method)
	at sun.reflect.NativeMethodAccessorImpl.invoke(NativeMethodAccessorImpl.java:62)
	at sun.reflect.DelegatingMethodAccessorImpl.invoke(DelegatingMethodAccessorImpl.java:43)
	at java.lang.reflect.Method.invoke(Method.java:498)
	at org.testng.internal.MethodInvocationHelper.invokeMethod(MethodInvocationHelper.java:85)
	at org.testng.internal.Invoker.invokeMethod(Invoker.java:639)
	at org.testng.internal.Invoker.invokeTestMethod(Invoker.java:821)
	at org.testng.internal.Invoker.invokeTestMethods(Invoker.java:1131)
	at org.testng.internal.TestMethodWorker.invokeTestMethods(TestMethodWorker.java:124)
	at org.testng.internal.TestMethodWorker.run(TestMethodWorker.java:108)
	at org.testng.TestRunner.privateRun(TestRunner.java:773)
	at org.testng.TestRunner.run(TestRunner.java:623)
	at org.testng.SuiteRunner.runTest(SuiteRunner.java:357)
	at org.testng.SuiteRunner.runSequentially(SuiteRunner.java:352)
	at org.testng.SuiteRunner.privateRun(SuiteRunner.java:310)
	at org.testng.SuiteRunner.run(SuiteRunner.java:259)
	at org.testng.SuiteRunnerWorker.runSuite(SuiteRunnerWorker.java:52)
	at org.testng.SuiteRunnerWorker.run(SuiteRunnerWorker.java:86)
	at org.testng.TestNG.runSuitesSequentially(TestNG.java:1185)
	at org.testng.TestNG.runSuitesLocally(TestNG.java:1110)
	at org.testng.TestNG.run(TestNG.java:1018)
	at org.apache.maven.surefire.testng.TestNGExecutor.run(TestNGExecutor.java:281)
	at org.apache.maven.surefire.testng.TestNGXmlTestSuite.execute(TestNGXmlTestSuite.java:75)
	at org.apache.maven.surefire.testng.TestNGProvider.invoke(TestNGProvider.java:121)
	at org.apache.maven.surefire.booter.ForkedBooter.invokeProviderInSameClassLoader(ForkedBooter.java:290)
	at org.apache.maven.surefire.booter.ForkedBooter.runSuitesInProcess(ForkedBooter.java:242)
	at org.apache.maven.surefire.booter.ForkedBooter.main(ForkedBooter.java:121)
]]>
            </full-stacktrace>
          </exception> <!-- java.lang.AssertionError -->
          <reporter-output>
          </reporter-output>
        </test-method> <!-- ParkingStatusTest -->
        <test-method status="PASS" signature="repoquit()[pri:0, instance:com.core.restapi.RESTApiProject.testcases.ParkingStatus@3444d69d]" name="repoquit" is-config="true" duration-ms="78" started-at="2017-04-12T01:15:20Z" finished-at="2017-04-12T01:15:20Z">
          <reporter-output>
          </reporter-output>
        </test-method> <!-- repoquit -->
        <test-method status="PASS" signature="ParkingStatusTest(java.util.Hashtable)[pri:0, instance:com.core.restapi.RESTApiProject.testcases.ParkingStatus@3444d69d]" name="ParkingStatusTest" duration-ms="432" started-at="2017-04-12T01:15:20Z" data-provider="getData" finished-at="2017-04-12T01:15:20Z">
          <params>
            <param index="0">
              <value>
                <![CDATA[{ParkingSlotName=Parking2, Runmode=y}]]>
              </value>
            </param>
          </params>
          <reporter-output>
          </reporter-output>
        </test-method> <!-- ParkingStatusTest -->
        <test-method status="PASS" signature="repoquit()[pri:0, instance:com.core.restapi.RESTApiProject.testcases.ParkingStatus@3444d69d]" name="repoquit" is-config="true" duration-ms="83" started-at="2017-04-12T01:15:20Z" finished-at="2017-04-12T01:15:20Z">
          <reporter-output>
          </reporter-output>
        </test-method> <!-- repoquit -->
      </class> <!-- com.core.restapi.RESTApiProject.testcases.ParkingStatus -->
    </test> <!-- ParkingStatusTest -->
    <test name="InfoByColorTest" duration-ms="2011" started-at="2017-04-11T19:45:20Z" finished-at="2017-04-11T19:45:22Z">
      <class name="com.core.restapi.RESTApiProject.testcases.InfoByColor">
        <test-method status="PASS" signature="registerParkingTest(java.util.Hashtable)[pri:0, instance:com.core.restapi.RESTApiProject.testcases.InfoByColor@80ec1f8]" name="registerParkingTest" duration-ms="450" started-at="2017-04-12T01:15:20Z" data-provider="getData" finished-at="2017-04-12T01:15:21Z">
          <params>
            <param index="0">
              <value>
                <![CDATA[{color=Black, ParkingSlotName=Parking1, Runmode=y}]]>
              </value>
            </param>
          </params>
          <reporter-output>
          </reporter-output>
        </test-method> <!-- registerParkingTest -->
        <test-method status="PASS" signature="repoquit()[pri:0, instance:com.core.restapi.RESTApiProject.testcases.InfoByColor@80ec1f8]" name="repoquit" is-config="true" duration-ms="83" started-at="2017-04-12T01:15:21Z" finished-at="2017-04-12T01:15:21Z">
          <reporter-output>
          </reporter-output>
        </test-method> <!-- repoquit -->
        <test-method status="PASS" signature="registerParkingTest(java.util.Hashtable)[pri:0, instance:com.core.restapi.RESTApiProject.testcases.InfoByColor@80ec1f8]" name="registerParkingTest" duration-ms="427" started-at="2017-04-12T01:15:21Z" data-provider="getData" finished-at="2017-04-12T01:15:21Z">
          <params>
            <param index="0">
              <value>
                <![CDATA[{color=, ParkingSlotName=Parking1, Runmode=y}]]>
              </value>
            </param>
          </params>
          <reporter-output>
          </reporter-output>
        </test-method> <!-- registerParkingTest -->
        <test-method status="PASS" signature="repoquit()[pri:0, instance:com.core.restapi.RESTApiProject.testcases.InfoByColor@80ec1f8]" name="repoquit" is-config="true" duration-ms="35" started-at="2017-04-12T01:15:21Z" finished-at="2017-04-12T01:15:21Z">
          <reporter-output>
          </reporter-output>
        </test-method> <!-- repoquit -->
        <test-method status="FAIL" signature="registerParkingTest(java.util.Hashtable)[pri:0, instance:com.core.restapi.RESTApiProject.testcases.InfoByColor@80ec1f8]" name="registerParkingTest" duration-ms="416" started-at="2017-04-12T01:15:21Z" data-provider="getData" finished-at="2017-04-12T01:15:22Z">
          <params>
            <param index="0">
              <value>
                <![CDATA[{color=Black, ParkingSlotName=Parking, Runmode=y}]]>
              </value>
            </param>
          </params>
          <exception class="java.lang.AssertionError">
            <message>
              <![CDATA[Failed]]>
            </message>
            <full-stacktrace>
              <![CDATA[java.lang.AssertionError: Failed
	at org.testng.Assert.fail(Assert.java:94)
	at com.core.restapi.RESTApiProject.BaseTest.reportFailure(BaseTest.java:365)
	at com.core.restapi.RESTApiProject.testcases.InfoByColor.registerParkingTest(InfoByColor.java:50)
	at sun.reflect.NativeMethodAccessorImpl.invoke0(Native Method)
	at sun.reflect.NativeMethodAccessorImpl.invoke(NativeMethodAccessorImpl.java:62)
	at sun.reflect.DelegatingMethodAccessorImpl.invoke(DelegatingMethodAccessorImpl.java:43)
	at java.lang.reflect.Method.invoke(Method.java:498)
	at org.testng.internal.MethodInvocationHelper.invokeMethod(MethodInvocationHelper.java:85)
	at org.testng.internal.Invoker.invokeMethod(Invoker.java:639)
	at org.testng.internal.Invoker.invokeTestMethod(Invoker.java:821)
	at org.testng.internal.Invoker.invokeTestMethods(Invoker.java:1131)
	at org.testng.internal.TestMethodWorker.invokeTestMethods(TestMethodWorker.java:124)
	at org.testng.internal.TestMethodWorker.run(TestMethodWorker.java:108)
	at org.testng.TestRunner.privateRun(TestRunner.java:773)
	at org.testng.TestRunner.run(TestRunner.java:623)
	at org.testng.SuiteRunner.runTest(SuiteRunner.java:357)
	at org.testng.SuiteRunner.runSequentially(SuiteRunner.java:352)
	at org.testng.SuiteRunner.privateRun(SuiteRunner.java:310)
	at org.testng.SuiteRunner.run(SuiteRunner.java:259)
	at org.testng.SuiteRunnerWorker.runSuite(SuiteRunnerWorker.java:52)
	at org.testng.SuiteRunnerWorker.run(SuiteRunnerWorker.java:86)
	at org.testng.TestNG.runSuitesSequentially(TestNG.java:1185)
	at org.testng.TestNG.runSuitesLocally(TestNG.java:1110)
	at org.testng.TestNG.run(TestNG.java:1018)
	at org.apache.maven.surefire.testng.TestNGExecutor.run(TestNGExecutor.java:281)
	at org.apache.maven.surefire.testng.TestNGXmlTestSuite.execute(TestNGXmlTestSuite.java:75)
	at org.apache.maven.surefire.testng.TestNGProvider.invoke(TestNGProvider.java:121)
	at org.apache.maven.surefire.booter.ForkedBooter.invokeProviderInSameClassLoader(ForkedBooter.java:290)
	at org.apache.maven.surefire.booter.ForkedBooter.runSuitesInProcess(ForkedBooter.java:242)
	at org.apache.maven.surefire.booter.ForkedBooter.main(ForkedBooter.java:121)
]]>
            </full-stacktrace>
          </exception> <!-- java.lang.AssertionError -->
          <reporter-output>
          </reporter-output>
        </test-method> <!-- registerParkingTest -->
        <test-method status="PASS" signature="repoquit()[pri:0, instance:com.core.restapi.RESTApiProject.testcases.InfoByColor@80ec1f8]" name="repoquit" is-config="true" duration-ms="58" started-at="2017-04-12T01:15:22Z" finished-at="2017-04-12T01:15:22Z">
          <reporter-output>
          </reporter-output>
        </test-method> <!-- repoquit -->
        <test-method status="PASS" signature="registerParkingTest(java.util.Hashtable)[pri:0, instance:com.core.restapi.RESTApiProject.testcases.InfoByColor@80ec1f8]" name="registerParkingTest" duration-ms="445" started-at="2017-04-12T01:15:22Z" data-provider="getData" finished-at="2017-04-12T01:15:22Z">
          <params>
            <param index="0">
              <value>
                <![CDATA[{color=Black, ParkingSlotName=Parking2, Runmode=y}]]>
              </value>
            </param>
          </params>
          <reporter-output>
          </reporter-output>
        </test-method> <!-- registerParkingTest -->
        <test-method status="PASS" signature="repoquit()[pri:0, instance:com.core.restapi.RESTApiProject.testcases.InfoByColor@80ec1f8]" name="repoquit" is-config="true" duration-ms="64" started-at="2017-04-12T01:15:22Z" finished-at="2017-04-12T01:15:22Z">
          <reporter-output>
          </reporter-output>
        </test-method> <!-- repoquit -->
      </class> <!-- com.core.restapi.RESTApiProject.testcases.InfoByColor -->
    </test> <!-- InfoByColorTest -->
    <test name="getSlotNumberTest" duration-ms="2622" started-at="2017-04-11T19:45:22Z" finished-at="2017-04-11T19:45:25Z">
      <class name="com.core.restapi.RESTApiProject.testcases.getSlotNumber">
        <test-method status="PASS" signature="getSlotNumberTest(java.util.Hashtable)[pri:0, instance:com.core.restapi.RESTApiProject.testcases.getSlotNumber@6b67034]" name="getSlotNumberTest" duration-ms="430" started-at="2017-04-12T01:15:22Z" data-provider="getData" finished-at="2017-04-12T01:15:23Z">
          <params>
            <param index="0">
              <value>
                <![CDATA[{registrationNumber=1111, color=Black, ParkingSlotName=Parking1, Runmode=y}]]>
              </value>
            </param>
          </params>
          <reporter-output>
          </reporter-output>
        </test-method> <!-- getSlotNumberTest -->
        <test-method status="PASS" signature="repoquit()[pri:0, instance:com.core.restapi.RESTApiProject.testcases.getSlotNumber@6b67034]" name="repoquit" is-config="true" duration-ms="102" started-at="2017-04-12T01:15:23Z" finished-at="2017-04-12T01:15:23Z">
          <reporter-output>
          </reporter-output>
        </test-method> <!-- repoquit -->
        <test-method status="PASS" signature="getSlotNumberTest(java.util.Hashtable)[pri:0, instance:com.core.restapi.RESTApiProject.testcases.getSlotNumber@6b67034]" name="getSlotNumberTest" duration-ms="422" started-at="2017-04-12T01:15:23Z" data-provider="getData" finished-at="2017-04-12T01:15:23Z">
          <params>
            <param index="0">
              <value>
                <![CDATA[{registrationNumber=2222, color=Black, ParkingSlotName=Parking2, Runmode=y}]]>
              </value>
            </param>
          </params>
          <reporter-output>
          </reporter-output>
        </test-method> <!-- getSlotNumberTest -->
        <test-method status="PASS" signature="repoquit()[pri:0, instance:com.core.restapi.RESTApiProject.testcases.getSlotNumber@6b67034]" name="repoquit" is-config="true" duration-ms="97" started-at="2017-04-12T01:15:23Z" finished-at="2017-04-12T01:15:23Z">
          <reporter-output>
          </reporter-output>
        </test-method> <!-- repoquit -->
        <test-method status="FAIL" signature="getSlotNumberTest(java.util.Hashtable)[pri:0, instance:com.core.restapi.RESTApiProject.testcases.getSlotNumber@6b67034]" name="getSlotNumberTest" duration-ms="442" started-at="2017-04-12T01:15:23Z" data-provider="getData" finished-at="2017-04-12T01:15:24Z">
          <params>
            <param index="0">
              <value>
                <![CDATA[{registrationNumber=2222, color=Black, ParkingSlotName=Parking, Runmode=y}]]>
              </value>
            </param>
          </params>
          <exception class="java.lang.AssertionError">
            <message>
              <![CDATA[Failed]]>
            </message>
            <full-stacktrace>
              <![CDATA[java.lang.AssertionError: Failed
	at org.testng.Assert.fail(Assert.java:94)
	at com.core.restapi.RESTApiProject.BaseTest.reportFailure(BaseTest.java:365)
	at com.core.restapi.RESTApiProject.testcases.getSlotNumber.getSlotNumberTest(getSlotNumber.java:50)
	at sun.reflect.NativeMethodAccessorImpl.invoke0(Native Method)
	at sun.reflect.NativeMethodAccessorImpl.invoke(NativeMethodAccessorImpl.java:62)
	at sun.reflect.DelegatingMethodAccessorImpl.invoke(DelegatingMethodAccessorImpl.java:43)
	at java.lang.reflect.Method.invoke(Method.java:498)
	at org.testng.internal.MethodInvocationHelper.invokeMethod(MethodInvocationHelper.java:85)
	at org.testng.internal.Invoker.invokeMethod(Invoker.java:639)
	at org.testng.internal.Invoker.invokeTestMethod(Invoker.java:821)
	at org.testng.internal.Invoker.invokeTestMethods(Invoker.java:1131)
	at org.testng.internal.TestMethodWorker.invokeTestMethods(TestMethodWorker.java:124)
	at org.testng.internal.TestMethodWorker.run(TestMethodWorker.java:108)
	at org.testng.TestRunner.privateRun(TestRunner.java:773)
	at org.testng.TestRunner.run(TestRunner.java:623)
	at org.testng.SuiteRunner.runTest(SuiteRunner.java:357)
	at org.testng.SuiteRunner.runSequentially(SuiteRunner.java:352)
	at org.testng.SuiteRunner.privateRun(SuiteRunner.java:310)
	at org.testng.SuiteRunner.run(SuiteRunner.java:259)
	at org.testng.SuiteRunnerWorker.runSuite(SuiteRunnerWorker.java:52)
	at org.testng.SuiteRunnerWorker.run(SuiteRunnerWorker.java:86)
	at org.testng.TestNG.runSuitesSequentially(TestNG.java:1185)
	at org.testng.TestNG.runSuitesLocally(TestNG.java:1110)
	at org.testng.TestNG.run(TestNG.java:1018)
	at org.apache.maven.surefire.testng.TestNGExecutor.run(TestNGExecutor.java:281)
	at org.apache.maven.surefire.testng.TestNGXmlTestSuite.execute(TestNGXmlTestSuite.java:75)
	at org.apache.maven.surefire.testng.TestNGProvider.invoke(TestNGProvider.java:121)
	at org.apache.maven.surefire.booter.ForkedBooter.invokeProviderInSameClassLoader(ForkedBooter.java:290)
	at org.apache.maven.surefire.booter.ForkedBooter.runSuitesInProcess(ForkedBooter.java:242)
	at org.apache.maven.surefire.booter.ForkedBooter.main(ForkedBooter.java:121)
]]>
            </full-stacktrace>
          </exception> <!-- java.lang.AssertionError -->
          <reporter-output>
          </reporter-output>
        </test-method> <!-- getSlotNumberTest -->
        <test-method status="PASS" signature="repoquit()[pri:0, instance:com.core.restapi.RESTApiProject.testcases.getSlotNumber@6b67034]" name="repoquit" is-config="true" duration-ms="71" started-at="2017-04-12T01:15:24Z" finished-at="2017-04-12T01:15:24Z">
          <reporter-output>
          </reporter-output>
        </test-method> <!-- repoquit -->
        <test-method status="FAIL" signature="getSlotNumberTest(java.util.Hashtable)[pri:0, instance:com.core.restapi.RESTApiProject.testcases.getSlotNumber@6b67034]" name="getSlotNumberTest" duration-ms="425" started-at="2017-04-12T01:15:24Z" data-provider="getData" finished-at="2017-04-12T01:15:24Z">
          <params>
            <param index="0">
              <value>
                <![CDATA[{registrationNumber=2222, color=, ParkingSlotName=Parking2, Runmode=y}]]>
              </value>
            </param>
          </params>
          <exception class="java.lang.AssertionError">
            <message>
              <![CDATA[Failed]]>
            </message>
            <full-stacktrace>
              <![CDATA[java.lang.AssertionError: Failed
	at org.testng.Assert.fail(Assert.java:94)
	at com.core.restapi.RESTApiProject.BaseTest.reportFailure(BaseTest.java:365)
	at com.core.restapi.RESTApiProject.testcases.getSlotNumber.getSlotNumberTest(getSlotNumber.java:50)
	at sun.reflect.NativeMethodAccessorImpl.invoke0(Native Method)
	at sun.reflect.NativeMethodAccessorImpl.invoke(NativeMethodAccessorImpl.java:62)
	at sun.reflect.DelegatingMethodAccessorImpl.invoke(DelegatingMethodAccessorImpl.java:43)
	at java.lang.reflect.Method.invoke(Method.java:498)
	at org.testng.internal.MethodInvocationHelper.invokeMethod(MethodInvocationHelper.java:85)
	at org.testng.internal.Invoker.invokeMethod(Invoker.java:639)
	at org.testng.internal.Invoker.invokeTestMethod(Invoker.java:821)
	at org.testng.internal.Invoker.invokeTestMethods(Invoker.java:1131)
	at org.testng.internal.TestMethodWorker.invokeTestMethods(TestMethodWorker.java:124)
	at org.testng.internal.TestMethodWorker.run(TestMethodWorker.java:108)
	at org.testng.TestRunner.privateRun(TestRunner.java:773)
	at org.testng.TestRunner.run(TestRunner.java:623)
	at org.testng.SuiteRunner.runTest(SuiteRunner.java:357)
	at org.testng.SuiteRunner.runSequentially(SuiteRunner.java:352)
	at org.testng.SuiteRunner.privateRun(SuiteRunner.java:310)
	at org.testng.SuiteRunner.run(SuiteRunner.java:259)
	at org.testng.SuiteRunnerWorker.runSuite(SuiteRunnerWorker.java:52)
	at org.testng.SuiteRunnerWorker.run(SuiteRunnerWorker.java:86)
	at org.testng.TestNG.runSuitesSequentially(TestNG.java:1185)
	at org.testng.TestNG.runSuitesLocally(TestNG.java:1110)
	at org.testng.TestNG.run(TestNG.java:1018)
	at org.apache.maven.surefire.testng.TestNGExecutor.run(TestNGExecutor.java:281)
	at org.apache.maven.surefire.testng.TestNGXmlTestSuite.execute(TestNGXmlTestSuite.java:75)
	at org.apache.maven.surefire.testng.TestNGProvider.invoke(TestNGProvider.java:121)
	at org.apache.maven.surefire.booter.ForkedBooter.invokeProviderInSameClassLoader(ForkedBooter.java:290)
	at org.apache.maven.surefire.booter.ForkedBooter.runSuitesInProcess(ForkedBooter.java:242)
	at org.apache.maven.surefire.booter.ForkedBooter.main(ForkedBooter.java:121)
]]>
            </full-stacktrace>
          </exception> <!-- java.lang.AssertionError -->
          <reporter-output>
          </reporter-output>
        </test-method> <!-- getSlotNumberTest -->
        <test-method status="PASS" signature="repoquit()[pri:0, instance:com.core.restapi.RESTApiProject.testcases.getSlotNumber@6b67034]" name="repoquit" is-config="true" duration-ms="86" started-at="2017-04-12T01:15:24Z" finished-at="2017-04-12T01:15:25Z">
          <reporter-output>
          </reporter-output>
        </test-method> <!-- repoquit -->
        <test-method status="PASS" signature="getSlotNumberTest(java.util.Hashtable)[pri:0, instance:com.core.restapi.RESTApiProject.testcases.getSlotNumber@6b67034]" name="getSlotNumberTest" duration-ms="429" started-at="2017-04-12T01:15:25Z" data-provider="getData" finished-at="2017-04-12T01:15:25Z">
          <params>
            <param index="0">
              <value>
                <![CDATA[{registrationNumber=, color=Black, ParkingSlotName=Parking2, Runmode=y}]]>
              </value>
            </param>
          </params>
          <reporter-output>
          </reporter-output>
        </test-method> <!-- getSlotNumberTest -->
        <test-method status="PASS" signature="repoquit()[pri:0, instance:com.core.restapi.RESTApiProject.testcases.getSlotNumber@6b67034]" name="repoquit" is-config="true" duration-ms="82" started-at="2017-04-12T01:15:25Z" finished-at="2017-04-12T01:15:25Z">
          <reporter-output>
          </reporter-output>
        </test-method> <!-- repoquit -->
      </class> <!-- com.core.restapi.RESTApiProject.testcases.getSlotNumber -->
    </test> <!-- getSlotNumberTest -->
  </suite> <!-- SuiteName -->
</testng-results>
