<?xml version="1.0" encoding="UTF-8"?>
<!-- Generated by org.testng.reporters.JUnitXMLReporter -->
<testsuite hostname="BLT140018" name="InfoByColorTest" tests="4" failures="1" timestamp="11 Apr 2017 19:45:22 GMT" time="2.011" errors="0">
  <testcase name="registerParkingTest" time="0.45" classname="com.core.restapi.RESTApiProject.testcases.InfoByColor"/>
  <testcase name="registerParkingTest" time="0.427" classname="com.core.restapi.RESTApiProject.testcases.InfoByColor"/>
  <testcase name="registerParkingTest" time="0.416" classname="com.core.restapi.RESTApiProject.testcases.InfoByColor">
    <failure type="java.lang.AssertionError" message="Failed">
      <![CDATA[java.lang.AssertionError: Failed
	at com.core.restapi.RESTApiProject.BaseTest.reportFailure(BaseTest.java:365)
	at com.core.restapi.RESTApiProject.testcases.InfoByColor.registerParkingTest(InfoByColor.java:50)
... Removed 28 stack frames]]>
    </failure>
  </testcase> <!-- registerParkingTest -->
  <testcase name="registerParkingTest" time="0.445" classname="com.core.restapi.RESTApiProject.testcases.InfoByColor"/>
</testsuite> <!-- InfoByColorTest -->
