<?xml version="1.0" encoding="UTF-8"?>
<!-- Generated by org.testng.reporters.JUnitXMLReporter -->
<testsuite hostname="BLT140018" name="ParkingStatusTest" tests="3" failures="1" timestamp="11 Apr 2017 19:45:20 GMT" time="1.585" errors="0">
  <testcase name="ParkingStatusTest" time="0.451" classname="com.core.restapi.RESTApiProject.testcases.ParkingStatus"/>
  <testcase name="ParkingStatusTest" time="0.443" classname="com.core.restapi.RESTApiProject.testcases.ParkingStatus">
    <failure type="java.lang.AssertionError" message="Failed">
      <![CDATA[java.lang.AssertionError: Failed
	at com.core.restapi.RESTApiProject.BaseTest.reportFailure(BaseTest.java:365)
	at com.core.restapi.RESTApiProject.testcases.ParkingStatus.ParkingStatusTest(ParkingStatus.java:49)
... Removed 28 stack frames]]>
    </failure>
  </testcase> <!-- ParkingStatusTest -->
  <testcase name="ParkingStatusTest" time="0.432" classname="com.core.restapi.RESTApiProject.testcases.ParkingStatus"/>
</testsuite> <!-- ParkingStatusTest -->
