<?xml version="1.0" encoding="UTF-8"?>
<!-- Generated by org.testng.reporters.JUnitXMLReporter -->
<testsuite hostname="BLT140018" name="ParkACarTest" tests="5" failures="1" timestamp="11 Apr 2017 19:45:19 GMT" time="2.63" errors="0">
  <testcase name="ParkACarTest" time="0.438" classname="com.core.restapi.RESTApiProject.testcases.ParkACar"/>
  <testcase name="ParkACarTest" time="0.444" classname="com.core.restapi.RESTApiProject.testcases.ParkACar">
    <failure type="java.lang.AssertionError" message="Failed">
      <![CDATA[java.lang.AssertionError: Failed
	at com.core.restapi.RESTApiProject.BaseTest.reportFailure(BaseTest.java:365)
	at com.core.restapi.RESTApiProject.testcases.ParkACar.ParkACarTest(ParkACar.java:57)
... Removed 28 stack frames]]>
    </failure>
  </testcase> <!-- ParkACarTest -->
  <testcase name="ParkACarTest" time="0.431" classname="com.core.restapi.RESTApiProject.testcases.ParkACar"/>
  <testcase name="ParkACarTest" time="0.433" classname="com.core.restapi.RESTApiProject.testcases.ParkACar"/>
  <testcase name="ParkACarTest" time="0.42" classname="com.core.restapi.RESTApiProject.testcases.ParkACar"/>
</testsuite> <!-- ParkACarTest -->
